<?xml version="1.0" encoding="UTF-8"?>
<!-- Generated by org.testng.reporters.JUnitXMLReporter -->
<testsuite ignored="0" hostname="Pratik" failures="1" tests="9" name="Surefire test" time="0.099" errors="0" timestamp="03 May 2023 08:32:58 GMT">
  <testcase classname="tests.Testing1" name="abc" time="0.005"/>
  <testcase classname="tests.Testing1" name="abc" time="0.0"/>
  <testcase classname="tests.Testing1" name="test1" time="0.0"/>
  <testcase classname="tests.Testing1" name="test2" time="0.0"/>
  <testcase classname="tests.Testing2" name="test3" time="0.001"/>
  <testcase classname="tests.Testing2" name="test4" time="0.0"/>
  <testcase classname="tests.Testing3" name="createUser" time="0.002"/>
  <testcase classname="tests.Testing3" name="editUser" time="0.016">
    <failure type="java.lang.AssertionError" message="The following asserts failed:
	Verifying Element expected [true] but found [false]">
      <![CDATA[java.lang.AssertionError: The following asserts failed:
Verifying Element expected [true] but found [false]
at tests.Testing3.editUser(Testing3.java:26)
... Removed 28 stack frames]]>
    </failure>
  </testcase> <!-- editUser -->
  <testcase classname="tests.Testing3" name="deleteUser" time="0.0">
    <skipped/>
  </testcase> <!-- deleteUser -->
</testsuite> <!-- Surefire test -->
