<?xml version="1.0" encoding="UTF-8"?>
<!-- Generated by org.testng.reporters.JUnitXMLReporter -->
<testsuite hostname="Pratik" ignored="0" name="Test" tests="9" failures="1" timestamp="06 Apr 2023 04:31:03 GMT" time="0.174" errors="0">
  <testcase name="abc" time="0.005" classname="tests.Testing1"/>
  <testcase name="abc" time="0.005" classname="tests.Testing1"/>
  <testcase name="test1" time="0.005" classname="tests.Testing1"/>
  <testcase name="test2" time="0.0" classname="tests.Testing1"/>
  <testcase name="test3" time="0.005" classname="tests.Testing2"/>
  <testcase name="test4" time="0.005" classname="tests.Testing2"/>
  <testcase name="createUser" time="0.01" classname="tests.Testing3"/>
  <testcase name="editUser" time="0.01" classname="tests.Testing3">
    <failure type="java.lang.AssertionError" message="The following asserts failed:
	Verifying Element expected [true] but found [false]">
      <![CDATA[java.lang.AssertionError: The following asserts failed:
Verifying Element expected [true] but found [false]
at tests.Testing3.editUser(Testing3.java:26)
... Removed 26 stack frames]]>
    </failure>
  </testcase> <!-- editUser -->
  <testcase name="deleteUser" time="0.0" classname="tests.Testing3">
    <skipped/>
  </testcase> <!-- deleteUser -->
</testsuite> <!-- Test -->
